0 info it worked if it ends with ok
1 verbose cli [ 'c:\\Program Files\\nodejs\\node.exe',
1 verbose cli   'c:\\Program Files\\nodejs\\node_modules\\npm\\bin\\npm-cli.js',
1 verbose cli   'install',
1 verbose cli   'webpage' ]
2 info using npm@1.4.28
3 info using node@v0.10.33
4 verbose readDependencies using package.json deps
5 verbose cache add [ 'webpage', null ]
6 verbose cache add name=undefined spec="webpage" args=["webpage",null]
7 verbose parsed url { protocol: null,
7 verbose parsed url   slashes: null,
7 verbose parsed url   auth: null,
7 verbose parsed url   host: null,
7 verbose parsed url   port: null,
7 verbose parsed url   hostname: null,
7 verbose parsed url   hash: null,
7 verbose parsed url   search: null,
7 verbose parsed url   query: null,
7 verbose parsed url   pathname: 'webpage',
7 verbose parsed url   path: 'webpage',
7 verbose parsed url   href: 'webpage' }
8 silly lockFile c3c0e61b-webpage webpage
9 verbose lock webpage C:\Users\Cheng\AppData\Roaming\npm-cache\c3c0e61b-webpage.lock
10 silly lockFile c3c0e61b-webpage webpage
11 silly lockFile c3c0e61b-webpage webpage
12 verbose addNamed [ 'webpage', '' ]
13 verbose addNamed [ null, '*' ]
14 silly lockFile 92ce8f44-webpage webpage@
15 verbose lock webpage@ C:\Users\Cheng\AppData\Roaming\npm-cache\92ce8f44-webpage.lock
16 silly addNameRange { name: 'webpage', range: '*', hasData: false }
17 verbose request where is /webpage
18 verbose request registry https://registry.npmjs.org/
19 verbose request id e153ce205692a8f0
20 verbose url raw /webpage
21 verbose url resolving [ 'https://registry.npmjs.org/', './webpage' ]
22 verbose url resolved https://registry.npmjs.org/webpage
23 verbose request where is https://registry.npmjs.org/webpage
24 info trying registry request attempt 1 at 01:20:29
25 http GET https://registry.npmjs.org/webpage
26 http 404 https://registry.npmjs.org/webpage
27 verbose headers { date: 'Mon, 17 Nov 2014 06:20:28 GMT',
27 verbose headers   server: 'CouchDB/1.5.0 (Erlang OTP/R16B03)',
27 verbose headers   'content-type': 'application/json',
27 verbose headers   'cache-control': 'max-age=0',
27 verbose headers   'content-length': '52',
27 verbose headers   'accept-ranges': 'bytes',
27 verbose headers   via: '1.1 varnish',
27 verbose headers   age: '0',
27 verbose headers   'x-served-by': 'cache-iad2140-IAD',
27 verbose headers   'x-cache': 'MISS',
27 verbose headers   'x-cache-hits': '0',
27 verbose headers   'x-timer': 'S1416205228.491238,VS0,VE349',
27 verbose headers   'keep-alive': 'timeout=10, max=50',
27 verbose headers   connection: 'Keep-Alive' }
28 silly registry.get cb [ 404,
28 silly registry.get   { date: 'Mon, 17 Nov 2014 06:20:28 GMT',
28 silly registry.get     server: 'CouchDB/1.5.0 (Erlang OTP/R16B03)',
28 silly registry.get     'content-type': 'application/json',
28 silly registry.get     'cache-control': 'max-age=0',
28 silly registry.get     'content-length': '52',
28 silly registry.get     'accept-ranges': 'bytes',
28 silly registry.get     via: '1.1 varnish',
28 silly registry.get     age: '0',
28 silly registry.get     'x-served-by': 'cache-iad2140-IAD',
28 silly registry.get     'x-cache': 'MISS',
28 silly registry.get     'x-cache-hits': '0',
28 silly registry.get     'x-timer': 'S1416205228.491238,VS0,VE349',
28 silly registry.get     'keep-alive': 'timeout=10, max=50',
28 silly registry.get     connection: 'Keep-Alive' } ]
29 silly lockFile 92ce8f44-webpage webpage@
30 silly lockFile 92ce8f44-webpage webpage@
31 error 404 404 Not Found: webpage
31 error 404
31 error 404 'webpage' is not in the npm registry.
31 error 404 You should bug the author to publish it
31 error 404 It was specified as a dependency of 'node-js-getting-started'
31 error 404
31 error 404 Note that you can also install from a
31 error 404 tarball, folder, or http url, or git url.
32 error System Windows_NT 6.2.9200
33 error command "c:\\Program Files\\nodejs\\node.exe" "c:\\Program Files\\nodejs\\node_modules\\npm\\bin\\npm-cli.js" "install" "webpage"
34 error cwd c:\Users\Cheng\Documents\phantom-stuff
35 error node -v v0.10.33
36 error npm -v 1.4.28
37 error code E404
38 verbose exit [ 1, true ]
